<?xml version="1.0" encoding="UTF-8"?>
<testng-results ignored="0" total="1" passed="1" failed="0" skipped="0">
  <reporter-output>
  </reporter-output>
  <suite started-at="2022-08-21T13:17:24 EDT" name="Default suite" finished-at="2022-08-21T13:17:33 EDT" duration-ms="9112">
    <groups>
    </groups>
    <test started-at="2022-08-21T13:17:24 EDT" name="Default test" finished-at="2022-08-21T13:17:33 EDT" duration-ms="9112">
      <class name="com.bd.Iframe">
        <test-method is-config="true" signature="start()[pri:0, instance:com.bd.Iframe@194bcebf]" started-at="2022-08-21T13:17:17 EDT" name="start" finished-at="2022-08-21T13:17:24 EDT" duration-ms="6164" status="PASS">
          <reporter-output>
          </reporter-output>
        </test-method> <!-- start -->
        <test-method signature="openUrl()[pri:0, instance:com.bd.Iframe@194bcebf]" started-at="2022-08-21T13:17:24 EDT" name="openUrl" finished-at="2022-08-21T13:17:33 EDT" duration-ms="9021" status="PASS">
          <reporter-output>
          </reporter-output>
        </test-method> <!-- openUrl -->
        <test-method is-config="true" signature="close()[pri:0, instance:com.bd.Iframe@194bcebf]" started-at="2022-08-21T13:17:33 EDT" name="close" finished-at="2022-08-21T13:17:34 EDT" duration-ms="1121" status="PASS">
          <reporter-output>
          </reporter-output>
        </test-method> <!-- close -->
      </class> <!-- com.bd.Iframe -->
    </test> <!-- Default test -->
  </suite> <!-- Default suite -->
</testng-results>
